  This is the Hardware trace file

25 KEY_PRESS ('F')

27 KEY_PRESS ('a')
27 KEY_PRESS ('b')
29 KEY_PRESS ('i')
35 KEY_PRESS ('e')

41 KEY_PRESS ('n')
48 KEY_PRESS ('\n')



120 KEY_PRESS ('b')
121 KEY_PRESS ('i')
122 KEY_PRESS ('n')
125 KEY_PRESS ('/')
125 KEY_PRESS ('l')
128 KEY_PRESS ('s')
128 KEY_PRESS ('\n')





250 KEY_PRESS ('b')
290 KEY_PRESS ('i')
290 KEY_PRESS ('n')
290 KEY_PRESS ('/')
290 KEY_PRESS ('c')
290 KEY_PRESS ('o')
290 KEY_PRESS ('l')
290 KEY_PRESS ('o')
290 KEY_PRESS ('r')
290 KEY_PRESS ('\n')


800 TIMEOUT
